===2017-11-03 16:57:38.286 INFO  com.springboot.ApplicationTom Line:48  - Starting ApplicationTom on Administrator with PID 7188 (E:\ws\SpringBootDemo\target\classes started by Admin in E:\ws\SpringBootDemo)
===2017-11-03 16:57:38.289 INFO  com.springboot.ApplicationTom Line:597 - The following profiles are active: production
===2017-11-03 16:57:38.471 INFO  org.springframework.boot.context.embedded.AnnotationConfigEmbeddedWebApplicationContext Line:583 - Refreshing org.springframework.boot.context.embedded.AnnotationConfigEmbeddedWebApplicationContext@647fd33a: startup date [Fri Nov 03 16:57:38 CST 2017]; root of context hierarchy
===2017-11-03 16:57:39.589 INFO  org.springframework.boot.context.embedded.tomcat.TomcatEmbeddedServletContainer Line:89  - Tomcat initialized with port(s): 8090 (http)
===2017-11-03 16:57:39.683 INFO  org.springframework.web.context.ContextLoader Line:276 - Root WebApplicationContext: initialization completed in 1212 ms
===2017-11-03 16:57:39.803 INFO  org.springframework.boot.web.servlet.ServletRegistrationBean Line:190 - Mapping servlet: 'dispatcherServlet' to [/]
===2017-11-03 16:57:39.806 INFO  org.springframework.boot.web.servlet.FilterRegistrationBean Line:258 - Mapping filter: 'characterEncodingFilter' to: [/*]
===2017-11-03 16:57:39.807 INFO  org.springframework.boot.web.servlet.FilterRegistrationBean Line:258 - Mapping filter: 'hiddenHttpMethodFilter' to: [/*]
===2017-11-03 16:57:39.807 INFO  org.springframework.boot.web.servlet.FilterRegistrationBean Line:258 - Mapping filter: 'httpPutFormContentFilter' to: [/*]
===2017-11-03 16:57:39.807 INFO  org.springframework.boot.web.servlet.FilterRegistrationBean Line:258 - Mapping filter: 'requestContextFilter' to: [/*]
===2017-11-03 16:57:40.115 INFO  org.springframework.web.servlet.mvc.method.annotation.RequestMappingHandlerAdapter Line:534 - Looking for @ControllerAdvice: org.springframework.boot.context.embedded.AnnotationConfigEmbeddedWebApplicationContext@647fd33a: startup date [Fri Nov 03 16:57:38 CST 2017]; root of context hierarchy
===2017-11-03 16:57:40.174 INFO  org.springframework.web.servlet.mvc.method.annotation.RequestMappingHandlerMapping Line:543 - Mapped "{[/ftl/helloFtl]}" onto public java.lang.String com.springboot.controller.FreeMarkerController.helloHtml(java.util.Map<java.lang.String, java.lang.Object>)
===2017-11-03 16:57:40.176 INFO  org.springframework.web.servlet.mvc.method.annotation.RequestMappingHandlerMapping Line:543 - Mapped "{[/hello/thymeleaf]}" onto public java.lang.String com.springboot.controller.ThymeleafController.index(org.springframework.ui.Model)
===2017-11-03 16:57:40.176 INFO  org.springframework.web.servlet.mvc.method.annotation.RequestMappingHandlerMapping Line:543 - Mapped "{[/hello/helloHtml]}" onto public java.lang.String com.springboot.controller.ThymeleafController.helloHtml(java.util.Map<java.lang.String, java.lang.Object>)
===2017-11-03 16:57:40.177 INFO  org.springframework.web.servlet.mvc.method.annotation.RequestMappingHandlerMapping Line:543 - Mapped "{[/user/]}" onto private java.lang.String com.springboot.controller.UserController.index()
===2017-11-03 16:57:40.178 INFO  org.springframework.web.servlet.mvc.method.annotation.RequestMappingHandlerMapping Line:543 - Mapped "{[/user/{id}]}" onto private com.springboot.entity.User com.springboot.controller.UserController.view(java.lang.Long)
===2017-11-03 16:57:40.178 INFO  org.springframework.web.servlet.mvc.method.annotation.RequestMappingHandlerMapping Line:543 - Mapped "{[/user/test]}" onto private java.lang.String com.springboot.controller.UserController.hehe(java.lang.String)
===2017-11-03 16:57:40.181 INFO  org.springframework.web.servlet.mvc.method.annotation.RequestMappingHandlerMapping Line:543 - Mapped "{[/error]}" onto public org.springframework.http.ResponseEntity<java.util.Map<java.lang.String, java.lang.Object>> org.springframework.boot.autoconfigure.web.BasicErrorController.error(javax.servlet.http.HttpServletRequest)
===2017-11-03 16:57:40.182 INFO  org.springframework.web.servlet.mvc.method.annotation.RequestMappingHandlerMapping Line:543 - Mapped "{[/error],produces=[text/html]}" onto public org.springframework.web.servlet.ModelAndView org.springframework.boot.autoconfigure.web.BasicErrorController.errorHtml(javax.servlet.http.HttpServletRequest,javax.servlet.http.HttpServletResponse)
===2017-11-03 16:57:40.208 INFO  org.springframework.web.servlet.handler.SimpleUrlHandlerMapping Line:362 - Mapped URL path [/webjars/**] onto handler of type [class org.springframework.web.servlet.resource.ResourceHttpRequestHandler]
===2017-11-03 16:57:40.208 INFO  org.springframework.web.servlet.handler.SimpleUrlHandlerMapping Line:362 - Mapped URL path [/**] onto handler of type [class org.springframework.web.servlet.resource.ResourceHttpRequestHandler]
===2017-11-03 16:57:40.248 INFO  org.springframework.web.servlet.handler.SimpleUrlHandlerMapping Line:362 - Mapped URL path [/**/favicon.ico] onto handler of type [class org.springframework.web.servlet.resource.ResourceHttpRequestHandler]
===2017-11-03 16:57:40.646 INFO  org.springframework.web.servlet.view.freemarker.FreeMarkerConfigurer Line:127 - ClassTemplateLoader for Spring macros added to FreeMarker configuration
===2017-11-03 16:57:40.832 INFO  org.springframework.jmx.export.annotation.AnnotationMBeanExporter Line:431 - Registering beans for JMX exposure on startup
===2017-11-03 16:57:40.919 INFO  org.springframework.boot.context.embedded.tomcat.TomcatEmbeddedServletContainer Line:201 - Tomcat started on port(s): 8090 (http)
===2017-11-03 16:57:40.923 INFO  com.springboot.ApplicationTom Line:57  - Started ApplicationTom in 2.984 seconds (JVM running for 3.2)
===2017-11-03 16:58:32.484 INFO  org.springframework.web.servlet.DispatcherServlet Line:489 - FrameworkServlet 'dispatcherServlet': initialization started
===2017-11-03 16:58:32.500 INFO  org.springframework.web.servlet.DispatcherServlet Line:508 - FrameworkServlet 'dispatcherServlet': initialization completed in 16 ms
===2017-11-03 16:58:32.523 INFO  com.springboot.controller.ThymeleafController Line:35  - ThymeleafController thymeleaf
===2017-11-03 16:59:18.452 INFO  com.springboot.controller.ThymeleafController Line:22  - ThymeleafController helloHtml
2017-11-03 16:59:40.715 INFO  com.springboot.ApplicationTom Line:48  - Starting ApplicationTom on Administrator with PID 6676 (E:\ws\SpringBootDemo\target\classes started by Admin in E:\ws\SpringBootDemo)
2017-11-03 16:59:40.718 INFO  com.springboot.ApplicationTom Line:597 - The following profiles are active: production
2017-11-03 16:59:40.901 INFO  org.springframework.boot.context.embedded.AnnotationConfigEmbeddedWebApplicationContext Line:583 - Refreshing org.springframework.boot.context.embedded.AnnotationConfigEmbeddedWebApplicationContext@107598d7: startup date [Fri Nov 03 16:59:40 CST 2017]; root of context hierarchy
2017-11-03 16:59:42.017 INFO  org.springframework.boot.context.embedded.tomcat.TomcatEmbeddedServletContainer Line:89  - Tomcat initialized with port(s): 8090 (http)
2017-11-03 16:59:42.102 INFO  org.springframework.web.context.ContextLoader Line:276 - Root WebApplicationContext: initialization completed in 1201 ms
2017-11-03 16:59:42.221 INFO  org.springframework.boot.web.servlet.ServletRegistrationBean Line:190 - Mapping servlet: 'dispatcherServlet' to [/]
2017-11-03 16:59:42.225 INFO  org.springframework.boot.web.servlet.FilterRegistrationBean Line:258 - Mapping filter: 'characterEncodingFilter' to: [/*]
2017-11-03 16:59:42.225 INFO  org.springframework.boot.web.servlet.FilterRegistrationBean Line:258 - Mapping filter: 'hiddenHttpMethodFilter' to: [/*]
2017-11-03 16:59:42.225 INFO  org.springframework.boot.web.servlet.FilterRegistrationBean Line:258 - Mapping filter: 'httpPutFormContentFilter' to: [/*]
2017-11-03 16:59:42.225 INFO  org.springframework.boot.web.servlet.FilterRegistrationBean Line:258 - Mapping filter: 'requestContextFilter' to: [/*]
2017-11-03 16:59:42.543 INFO  org.springframework.web.servlet.mvc.method.annotation.RequestMappingHandlerAdapter Line:534 - Looking for @ControllerAdvice: org.springframework.boot.context.embedded.AnnotationConfigEmbeddedWebApplicationContext@107598d7: startup date [Fri Nov 03 16:59:40 CST 2017]; root of context hierarchy
2017-11-03 16:59:42.602 INFO  org.springframework.web.servlet.mvc.method.annotation.RequestMappingHandlerMapping Line:543 - Mapped "{[/ftl/helloFtl]}" onto public java.lang.String com.springboot.controller.FreeMarkerController.helloHtml(java.util.Map<java.lang.String, java.lang.Object>)
2017-11-03 16:59:42.604 INFO  org.springframework.web.servlet.mvc.method.annotation.RequestMappingHandlerMapping Line:543 - Mapped "{[/hello/thymeleaf]}" onto public java.lang.String com.springboot.controller.ThymeleafController.index(org.springframework.ui.Model)
2017-11-03 16:59:42.605 INFO  org.springframework.web.servlet.mvc.method.annotation.RequestMappingHandlerMapping Line:543 - Mapped "{[/hello/helloHtml]}" onto public java.lang.String com.springboot.controller.ThymeleafController.helloHtml(java.util.Map<java.lang.String, java.lang.Object>)
2017-11-03 16:59:42.606 INFO  org.springframework.web.servlet.mvc.method.annotation.RequestMappingHandlerMapping Line:543 - Mapped "{[/user/]}" onto private java.lang.String com.springboot.controller.UserController.index()
2017-11-03 16:59:42.607 INFO  org.springframework.web.servlet.mvc.method.annotation.RequestMappingHandlerMapping Line:543 - Mapped "{[/user/{id}]}" onto private com.springboot.entity.User com.springboot.controller.UserController.view(java.lang.Long)
2017-11-03 16:59:42.607 INFO  org.springframework.web.servlet.mvc.method.annotation.RequestMappingHandlerMapping Line:543 - Mapped "{[/user/test]}" onto private java.lang.String com.springboot.controller.UserController.hehe(java.lang.String)
2017-11-03 16:59:42.610 INFO  org.springframework.web.servlet.mvc.method.annotation.RequestMappingHandlerMapping Line:543 - Mapped "{[/error]}" onto public org.springframework.http.ResponseEntity<java.util.Map<java.lang.String, java.lang.Object>> org.springframework.boot.autoconfigure.web.BasicErrorController.error(javax.servlet.http.HttpServletRequest)
2017-11-03 16:59:42.611 INFO  org.springframework.web.servlet.mvc.method.annotation.RequestMappingHandlerMapping Line:543 - Mapped "{[/error],produces=[text/html]}" onto public org.springframework.web.servlet.ModelAndView org.springframework.boot.autoconfigure.web.BasicErrorController.errorHtml(javax.servlet.http.HttpServletRequest,javax.servlet.http.HttpServletResponse)
2017-11-03 16:59:42.640 INFO  org.springframework.web.servlet.handler.SimpleUrlHandlerMapping Line:362 - Mapped URL path [/webjars/**] onto handler of type [class org.springframework.web.servlet.resource.ResourceHttpRequestHandler]
2017-11-03 16:59:42.640 INFO  org.springframework.web.servlet.handler.SimpleUrlHandlerMapping Line:362 - Mapped URL path [/**] onto handler of type [class org.springframework.web.servlet.resource.ResourceHttpRequestHandler]
2017-11-03 16:59:42.679 INFO  org.springframework.web.servlet.handler.SimpleUrlHandlerMapping Line:362 - Mapped URL path [/**/favicon.ico] onto handler of type [class org.springframework.web.servlet.resource.ResourceHttpRequestHandler]
2017-11-03 16:59:43.097 INFO  org.springframework.web.servlet.view.freemarker.FreeMarkerConfigurer Line:127 - ClassTemplateLoader for Spring macros added to FreeMarker configuration
2017-11-03 16:59:43.293 INFO  org.springframework.jmx.export.annotation.AnnotationMBeanExporter Line:431 - Registering beans for JMX exposure on startup
2017-11-03 16:59:43.382 INFO  org.springframework.boot.context.embedded.tomcat.TomcatEmbeddedServletContainer Line:201 - Tomcat started on port(s): 8090 (http)
2017-11-03 16:59:43.386 INFO  com.springboot.ApplicationTom Line:57  - Started ApplicationTom in 3.046 seconds (JVM running for 3.304)
2017-11-03 17:00:10.281 INFO  org.springframework.web.servlet.DispatcherServlet Line:489 - FrameworkServlet 'dispatcherServlet': initialization started
2017-11-03 17:00:10.296 INFO  org.springframework.web.servlet.DispatcherServlet Line:508 - FrameworkServlet 'dispatcherServlet': initialization completed in 15 ms
2017-11-03 17:00:10.317 INFO  com.springboot.controller.ThymeleafController Line:22  - ThymeleafController helloHtml
2017-11-03 17:02:14.636 INFO  com.springboot.ApplicationTom Line:48  - Starting ApplicationTom v1.0-SNAPSHOT on Administrator with PID 9844 (E:\ws\SpringBootDemo\target\spring-boot-demo-1.0-SNAPSHOT.jar started by Admin in E:\ws\SpringBootDemo)
2017-11-03 17:02:14.640 INFO  com.springboot.ApplicationTom Line:597 - The following profiles are active: production
2017-11-03 17:02:14.897 INFO  org.springframework.boot.context.embedded.AnnotationConfigEmbeddedWebApplicationContext Line:583 - Refreshing org.springframework.boot.context.embedded.AnnotationConfigEmbeddedWebApplicationContext@7214a86b: startup date [Fri Nov 03 17:02:14 CST 2017]; root of context hierarchy
2017-11-03 17:02:16.325 INFO  org.springframework.boot.context.embedded.tomcat.TomcatEmbeddedServletContainer Line:89  - Tomcat initialized with port(s): 8090 (http)
2017-11-03 17:02:16.444 INFO  org.springframework.web.context.ContextLoader Line:276 - Root WebApplicationContext: initialization completed in 1547 ms
2017-11-03 17:02:16.602 INFO  org.springframework.boot.web.servlet.ServletRegistrationBean Line:190 - Mapping servlet: 'dispatcherServlet' to [/]
2017-11-03 17:02:16.606 INFO  org.springframework.boot.web.servlet.FilterRegistrationBean Line:258 - Mapping filter: 'characterEncodingFilter' to: [/*]
2017-11-03 17:02:16.607 INFO  org.springframework.boot.web.servlet.FilterRegistrationBean Line:258 - Mapping filter: 'hiddenHttpMethodFilter' to: [/*]
2017-11-03 17:02:16.607 INFO  org.springframework.boot.web.servlet.FilterRegistrationBean Line:258 - Mapping filter: 'httpPutFormContentFilter' to: [/*]
2017-11-03 17:02:16.607 INFO  org.springframework.boot.web.servlet.FilterRegistrationBean Line:258 - Mapping filter: 'requestContextFilter' to: [/*]
2017-11-03 17:02:17.016 INFO  org.springframework.web.servlet.mvc.method.annotation.RequestMappingHandlerAdapter Line:534 - Looking for @ControllerAdvice: org.springframework.boot.context.embedded.AnnotationConfigEmbeddedWebApplicationContext@7214a86b: startup date [Fri Nov 03 17:02:14 CST 2017]; root of context hierarchy
2017-11-03 17:02:17.108 INFO  org.springframework.web.servlet.mvc.method.annotation.RequestMappingHandlerMapping Line:543 - Mapped "{[/ftl/helloFtl]}" onto public java.lang.String com.springboot.controller.FreeMarkerController.helloHtml(java.util.Map<java.lang.String, java.lang.Object>)
2017-11-03 17:02:17.110 INFO  org.springframework.web.servlet.mvc.method.annotation.RequestMappingHandlerMapping Line:543 - Mapped "{[/hello/thymeleaf]}" onto public java.lang.String com.springboot.controller.ThymeleafController.index(org.springframework.ui.Model)
2017-11-03 17:02:17.110 INFO  org.springframework.web.servlet.mvc.method.annotation.RequestMappingHandlerMapping Line:543 - Mapped "{[/hello/helloHtml]}" onto public java.lang.String com.springboot.controller.ThymeleafController.helloHtml(java.util.Map<java.lang.String, java.lang.Object>)
2017-11-03 17:02:17.112 INFO  org.springframework.web.servlet.mvc.method.annotation.RequestMappingHandlerMapping Line:543 - Mapped "{[/user/]}" onto private java.lang.String com.springboot.controller.UserController.index()
2017-11-03 17:02:17.112 INFO  org.springframework.web.servlet.mvc.method.annotation.RequestMappingHandlerMapping Line:543 - Mapped "{[/user/{id}]}" onto private com.springboot.entity.User com.springboot.controller.UserController.view(java.lang.Long)
2017-11-03 17:02:17.113 INFO  org.springframework.web.servlet.mvc.method.annotation.RequestMappingHandlerMapping Line:543 - Mapped "{[/user/test]}" onto private java.lang.String com.springboot.controller.UserController.hehe(java.lang.String)
2017-11-03 17:02:17.115 INFO  org.springframework.web.servlet.mvc.method.annotation.RequestMappingHandlerMapping Line:543 - Mapped "{[/error]}" onto public org.springframework.http.ResponseEntity<java.util.Map<java.lang.String, java.lang.Object>> org.springframework.boot.autoconfigure.web.BasicErrorController.error(javax.servlet.http.HttpServletRequest)
2017-11-03 17:02:17.116 INFO  org.springframework.web.servlet.mvc.method.annotation.RequestMappingHandlerMapping Line:543 - Mapped "{[/error],produces=[text/html]}" onto public org.springframework.web.servlet.ModelAndView org.springframework.boot.autoconfigure.web.BasicErrorController.errorHtml(javax.servlet.http.HttpServletRequest,javax.servlet.http.HttpServletResponse)
2017-11-03 17:02:17.149 INFO  org.springframework.web.servlet.handler.SimpleUrlHandlerMapping Line:362 - Mapped URL path [/webjars/**] onto handler of type [class org.springframework.web.servlet.resource.ResourceHttpRequestHandler]
2017-11-03 17:02:17.149 INFO  org.springframework.web.servlet.handler.SimpleUrlHandlerMapping Line:362 - Mapped URL path [/**] onto handler of type [class org.springframework.web.servlet.resource.ResourceHttpRequestHandler]
2017-11-03 17:02:17.197 INFO  org.springframework.web.servlet.handler.SimpleUrlHandlerMapping Line:362 - Mapped URL path [/**/favicon.ico] onto handler of type [class org.springframework.web.servlet.resource.ResourceHttpRequestHandler]
2017-11-03 17:02:17.749 INFO  org.springframework.ui.freemarker.SpringTemplateLoader Line:61  - SpringTemplateLoader for FreeMarker: using resource loader [org.springframework.boot.context.embedded.AnnotationConfigEmbeddedWebApplicationContext@7214a86b: startup date [Fri Nov 03 17:02:14 CST 2017]; root of context hierarchy] and template loader path [classpath:/templates/]
2017-11-03 17:02:17.750 INFO  org.springframework.web.servlet.view.freemarker.FreeMarkerConfigurer Line:127 - ClassTemplateLoader for Spring macros added to FreeMarker configuration
2017-11-03 17:02:17.956 INFO  org.springframework.jmx.export.annotation.AnnotationMBeanExporter Line:431 - Registering beans for JMX exposure on startup
2017-11-03 17:02:18.069 INFO  org.springframework.boot.context.embedded.tomcat.TomcatEmbeddedServletContainer Line:201 - Tomcat started on port(s): 8090 (http)
2017-11-03 17:02:18.074 INFO  com.springboot.ApplicationTom Line:57  - Started ApplicationTom in 3.957 seconds (JVM running for 4.37)
2017-11-03 17:02:35.610 INFO  org.springframework.web.servlet.DispatcherServlet Line:489 - FrameworkServlet 'dispatcherServlet': initialization started
2017-11-03 17:02:35.630 INFO  org.springframework.web.servlet.DispatcherServlet Line:508 - FrameworkServlet 'dispatcherServlet': initialization completed in 19 ms
2017-11-03 17:02:48.174 INFO  com.springboot.controller.ThymeleafController Line:22  - ThymeleafController helloHtml
2017-11-03 17:03:19.225 INFO  org.springframework.boot.context.embedded.AnnotationConfigEmbeddedWebApplicationContext Line:984 - Closing org.springframework.boot.context.embedded.AnnotationConfigEmbeddedWebApplicationContext@7214a86b: startup date [Fri Nov 03 17:02:14 CST 2017]; root of context hierarchy
2017-11-03 17:03:19.229 INFO  org.springframework.jmx.export.annotation.AnnotationMBeanExporter Line:449 - Unregistering JMX-exposed beans on shutdown
