2017-11-05 10:50:44.935 INFO  com.springboot.ApplicationTom Line:48  - Starting ApplicationTom on LAPTOP-3G1DKK3T with PID 8308 (D:\honey\workspace\GitHub\springbootdemo\target\classes started by 小美女 in D:\honey\workspace\GitHub\springbootdemo)
2017-11-05 10:50:44.950 INFO  com.springboot.ApplicationTom Line:597 - The following profiles are active: production
2017-11-05 10:50:46.615 INFO  org.springframework.boot.context.embedded.AnnotationConfigEmbeddedWebApplicationContext Line:583 - Refreshing org.springframework.boot.context.embedded.AnnotationConfigEmbeddedWebApplicationContext@65d6b83b: startup date [Sun Nov 05 10:50:46 CST 2017]; root of context hierarchy
2017-11-05 10:50:53.200 INFO  org.springframework.boot.context.embedded.tomcat.TomcatEmbeddedServletContainer Line:89  - Tomcat initialized with port(s): 8090 (http)
2017-11-05 10:50:53.752 INFO  org.springframework.web.context.ContextLoader Line:276 - Root WebApplicationContext: initialization completed in 7137 ms
2017-11-05 10:50:54.721 INFO  org.springframework.boot.web.servlet.ServletRegistrationBean Line:190 - Mapping servlet: 'dispatcherServlet' to [/]
2017-11-05 10:50:54.734 INFO  org.springframework.boot.web.servlet.FilterRegistrationBean Line:258 - Mapping filter: 'characterEncodingFilter' to: [/*]
2017-11-05 10:50:54.734 INFO  org.springframework.boot.web.servlet.FilterRegistrationBean Line:258 - Mapping filter: 'hiddenHttpMethodFilter' to: [/*]
2017-11-05 10:50:54.734 INFO  org.springframework.boot.web.servlet.FilterRegistrationBean Line:258 - Mapping filter: 'httpPutFormContentFilter' to: [/*]
2017-11-05 10:50:54.734 INFO  org.springframework.boot.web.servlet.FilterRegistrationBean Line:258 - Mapping filter: 'requestContextFilter' to: [/*]
2017-11-05 10:50:56.016 INFO  org.springframework.web.servlet.mvc.method.annotation.RequestMappingHandlerAdapter Line:534 - Looking for @ControllerAdvice: org.springframework.boot.context.embedded.AnnotationConfigEmbeddedWebApplicationContext@65d6b83b: startup date [Sun Nov 05 10:50:46 CST 2017]; root of context hierarchy
2017-11-05 10:50:56.272 INFO  org.springframework.web.servlet.mvc.method.annotation.RequestMappingHandlerMapping Line:543 - Mapped "{[/ftl/helloFtl]}" onto public java.lang.String com.springboot.controller.FreeMarkerController.helloHtml(java.util.Map<java.lang.String, java.lang.Object>)
2017-11-05 10:50:56.272 INFO  org.springframework.web.servlet.mvc.method.annotation.RequestMappingHandlerMapping Line:543 - Mapped "{[/hello/thymeleaf]}" onto public java.lang.String com.springboot.controller.ThymeleafController.index(org.springframework.ui.Model)
2017-11-05 10:50:56.287 INFO  org.springframework.web.servlet.mvc.method.annotation.RequestMappingHandlerMapping Line:543 - Mapped "{[/hello/helloHtml]}" onto public java.lang.String com.springboot.controller.ThymeleafController.helloHtml(java.util.Map<java.lang.String, java.lang.Object>)
2017-11-05 10:50:56.287 INFO  org.springframework.web.servlet.mvc.method.annotation.RequestMappingHandlerMapping Line:543 - Mapped "{[/user/]}" onto private java.lang.String com.springboot.controller.UserController.index()
2017-11-05 10:50:56.287 INFO  org.springframework.web.servlet.mvc.method.annotation.RequestMappingHandlerMapping Line:543 - Mapped "{[/user/test]}" onto private java.lang.String com.springboot.controller.UserController.hehe(java.lang.String)
2017-11-05 10:50:56.287 INFO  org.springframework.web.servlet.mvc.method.annotation.RequestMappingHandlerMapping Line:543 - Mapped "{[/user/{id}]}" onto private com.springboot.entity.User com.springboot.controller.UserController.view(java.lang.Long)
2017-11-05 10:50:56.303 INFO  org.springframework.web.servlet.mvc.method.annotation.RequestMappingHandlerMapping Line:543 - Mapped "{[/error]}" onto public org.springframework.http.ResponseEntity<java.util.Map<java.lang.String, java.lang.Object>> org.springframework.boot.autoconfigure.web.BasicErrorController.error(javax.servlet.http.HttpServletRequest)
2017-11-05 10:50:56.303 INFO  org.springframework.web.servlet.mvc.method.annotation.RequestMappingHandlerMapping Line:543 - Mapped "{[/error],produces=[text/html]}" onto public org.springframework.web.servlet.ModelAndView org.springframework.boot.autoconfigure.web.BasicErrorController.errorHtml(javax.servlet.http.HttpServletRequest,javax.servlet.http.HttpServletResponse)
2017-11-05 10:50:56.397 INFO  org.springframework.web.servlet.handler.SimpleUrlHandlerMapping Line:362 - Mapped URL path [/webjars/**] onto handler of type [class org.springframework.web.servlet.resource.ResourceHttpRequestHandler]
2017-11-05 10:50:56.397 INFO  org.springframework.web.servlet.handler.SimpleUrlHandlerMapping Line:362 - Mapped URL path [/**] onto handler of type [class org.springframework.web.servlet.resource.ResourceHttpRequestHandler]
2017-11-05 10:50:56.553 INFO  org.springframework.web.servlet.handler.SimpleUrlHandlerMapping Line:362 - Mapped URL path [/**/favicon.ico] onto handler of type [class org.springframework.web.servlet.resource.ResourceHttpRequestHandler]
2017-11-05 10:50:58.152 INFO  org.springframework.web.servlet.view.freemarker.FreeMarkerConfigurer Line:127 - ClassTemplateLoader for Spring macros added to FreeMarker configuration
2017-11-05 10:50:58.715 INFO  org.springframework.jmx.export.annotation.AnnotationMBeanExporter Line:431 - Registering beans for JMX exposure on startup
2017-11-05 10:50:59.154 INFO  org.springframework.boot.context.embedded.tomcat.TomcatEmbeddedServletContainer Line:201 - Tomcat started on port(s): 8090 (http)
2017-11-05 10:50:59.186 INFO  com.springboot.ApplicationTom Line:57  - Started ApplicationTom in 15.807 seconds (JVM running for 18.016)
2017-11-05 10:51:22.925 INFO  org.springframework.web.servlet.DispatcherServlet Line:489 - FrameworkServlet 'dispatcherServlet': initialization started
2017-11-05 10:51:23.009 INFO  org.springframework.web.servlet.DispatcherServlet Line:508 - FrameworkServlet 'dispatcherServlet': initialization completed in 84 ms
